#
# There is insufficient memory for the Java Runtime Environment to continue.
# Native memory allocation (mmap) failed to map 134217728 bytes for G1 virtual space
# Possible reasons:
#   The system is out of physical RAM or swap space
#   The process is running with CompressedOops enabled, and the Java Heap may be blocking the growth of the native heap
# Possible solutions:
#   Reduce memory load on the system
#   Increase physical memory or swap space
#   Check if swap backing store is full
#   Decrease Java heap size (-Xmx/-Xms)
#   Decrease number of Java threads
#   Decrease Java thread stack sizes (-Xss)
#   Set larger code cache with -XX:ReservedCodeCacheSize=
#   JVM is running with Unscaled Compressed Oops mode in which the Java heap is
#     placed in the first 4GB address space. The Java Heap base address is the
#     maximum limit for the native heap growth. Please use -XX:HeapBaseMinAddress
#     to set the Java Heap base and to place the Java Heap above 4GB virtual address.
# This output file may be truncated or incomplete.
#
#  Out of Memory Error (os_windows.cpp:3535), pid=9840, tid=17160
#
# JRE version:  (17.0.3+7) (build )
# Java VM: OpenJDK 64-Bit Server VM (17.0.3+7, mixed mode, sharing, tiered, compressed oops, compressed class ptrs, g1 gc, windows-amd64)
# No core dump will be written. Minidumps are not enabled by default on client versions of Windows
#

---------------  S U M M A R Y ------------

Command Line: -Dfile.encoding=UTF-8 -XX:+ShowCodeDetailsInExceptionMessages main.FormPrincipal

Host: Intel(R) Core(TM) i3-6006U CPU @ 2.00GHz, 4 cores, 7G,  Windows 10 , 64 bit Build 19041 (10.0.19041.1741)
Time: Wed Jul 13 21:17:05 2022 Hora oficial do Brasil elapsed time: 0.022479 seconds (0d 0h 0m 0s)

---------------  T H R E A D  ---------------

Current thread (0x0000022752f99260):  JavaThread "Unknown thread" [_thread_in_vm, id=17160, stack(0x0000003684100000,0x0000003684200000)]

Stack: [0x0000003684100000,0x0000003684200000]
Native frames: (J=compiled Java code, j=interpreted, Vv=VM code, C=native code)
V  [jvm.dll+0x675efa]
V  [jvm.dll+0x830a24]
V  [jvm.dll+0x8321ce]
V  [jvm.dll+0x832833]
V  [jvm.dll+0x2454b5]
V  [jvm.dll+0x672de9]
V  [jvm.dll+0x667732]
V  [jvm.dll+0x3043ab]
V  [jvm.dll+0x30b8f6]
V  [jvm.dll+0x35b62e]
V  [jvm.dll+0x35b85f]
V  [jvm.dll+0x2db248]
V  [jvm.dll+0x2dc1b4]
V  [jvm.dll+0x802651]
V  [jvm.dll+0x3693b1]
V  [jvm.dll+0x7e1aac]
V  [jvm.dll+0x3ebd8f]
V  [jvm.dll+0x3ed911]
C  [jli.dll+0x5277]
C  [ucrtbase.dll+0x21bb2]
C  [KERNEL32.DLL+0x17034]
C  [ntdll.dll+0x52651]


---------------  P R O C E S S  ---------------

Threads class SMR info:
_java_thread_list=0x00007fff5a546e98, length=0, elements={
}

Java Threads: ( => current thread )

Other Threads:
  0x0000022752ff3b70 GCTaskThread "GC Thread#0" [stack: 0x0000003684200000,0x0000003684300000] [id=21400]
  0x00000227530082c0 ConcurrentGCThread "G1 Main Marker" [stack: 0x0000003684300000,0x0000003684400000] [id=23328]
  0x0000022753008cd0 ConcurrentGCThread "G1 Conc#0" [stack: 0x0000003684400000,0x0000003684500000] [id=22760]

[error occurred during error reporting (printing all threads), id 0xc0000005, EXCEPTION_ACCESS_VIOLATION (0xc0000005) at pc=0x00007fff59d1bcd7]

VM state: not at safepoint (not fully initialized)

VM Mutex/Monitor currently owned by a thread:  ([mutex/lock_event])
[0x0000022752f95a20] Heap_lock - owner thread: 0x0000022752f99260

Heap address: 0x0000000081e00000, size: 2018 MB, Compressed Oops mode: 32-bit

CDS archive(s) mapped at: [0x0000000000000000-0x0000000000000000-0x0000000000000000), size 0, SharedBaseAddress: 0x0000000800000000, ArchiveRelocationMode: 0.
Narrow klass base: 0x0000000000000000, Narrow klass shift: 0, Narrow klass range: 0x0

GC Precious Log:
<Empty>

Heap:
 garbage-first heap   total 0K, used 0K [0x0000000081e00000, 0x0000000100000000)
  region size 1024K, 0 young (0K), 0 survivors (0K)

[error occurred during error reporting (printing heap information), id 0xc0000005, EXCEPTION_ACCESS_VIOLATION (0xc0000005) at pc=0x00007fff5a0ff249]

GC Heap History (0 events):
No events

Deoptimization events (0 events):
No events

Classes unloaded (0 events):
No events

Classes redefined (0 events):
No events

Internal exceptions (0 events):
No events

VM Operations (0 events):
No events

Events (1 events):
Event: 0.014 Loaded shared library C:\Users\Victor Sacramento\eclipse\plugins\org.eclipse.justj.openjdk.hotspot.jre.full.win32.x86_64_17.0.3.v20220515-1416\jre\bin\java.dll


Dynamic libraries:
0x00007ff698c90000 - 0x00007ff698c9e000 	C:\Users\Victor Sacramento\eclipse\plugins\org.eclipse.justj.openjdk.hotspot.jre.full.win32.x86_64_17.0.3.v20220515-1416\jre\bin\javaw.exe
0x00007fffb9070000 - 0x00007fffb9267000 	C:\WINDOWS\SYSTEM32\ntdll.dll
0x00007fffb7330000 - 0x00007fffb73ed000 	C:\WINDOWS\System32\KERNEL32.DLL
0x00007fffb68b0000 - 0x00007fffb6b7d000 	C:\WINDOWS\System32\KERNELBASE.dll
0x00007fffb6de0000 - 0x00007fffb6ee0000 	C:\WINDOWS\System32\ucrtbase.dll
0x00007fffb1660000 - 0x00007fffb1678000 	C:\Users\Victor Sacramento\eclipse\plugins\org.eclipse.justj.openjdk.hotspot.jre.full.win32.x86_64_17.0.3.v20220515-1416\jre\bin\jli.dll
0x00007fffb7710000 - 0x00007fffb78b0000 	C:\WINDOWS\System32\USER32.dll
0x00007fffb6880000 - 0x00007fffb68a2000 	C:\WINDOWS\System32\win32u.dll
0x00007fffb74d0000 - 0x00007fffb74fa000 	C:\WINDOWS\System32\GDI32.dll
0x00007fffb6f10000 - 0x00007fffb701b000 	C:\WINDOWS\System32\gdi32full.dll
0x00007fffb67e0000 - 0x00007fffb687d000 	C:\WINDOWS\System32\msvcp_win.dll
0x00007fffb1260000 - 0x00007fffb1279000 	C:\Users\Victor Sacramento\eclipse\plugins\org.eclipse.justj.openjdk.hotspot.jre.full.win32.x86_64_17.0.3.v20220515-1416\jre\bin\VCRUNTIME140.dll
0x00007fffa7e10000 - 0x00007fffa80aa000 	C:\WINDOWS\WinSxS\amd64_microsoft.windows.common-controls_6595b64144ccf1df_6.0.19041.1110_none_60b5254171f9507e\COMCTL32.dll
0x00007fffb86d0000 - 0x00007fffb876e000 	C:\WINDOWS\System32\msvcrt.dll
0x00007fffb8e70000 - 0x00007fffb8ea0000 	C:\WINDOWS\System32\IMM32.DLL
0x00007fffb1300000 - 0x00007fffb130c000 	C:\Users\Victor Sacramento\eclipse\plugins\org.eclipse.justj.openjdk.hotspot.jre.full.win32.x86_64_17.0.3.v20220515-1416\jre\bin\vcruntime140_1.dll
0x00007fffa81c0000 - 0x00007fffa8251000 	C:\Users\Victor Sacramento\eclipse\plugins\org.eclipse.justj.openjdk.hotspot.jre.full.win32.x86_64_17.0.3.v20220515-1416\jre\bin\msvcp140.dll
0x00007fff59a30000 - 0x00007fff5a678000 	C:\Users\Victor Sacramento\eclipse\plugins\org.eclipse.justj.openjdk.hotspot.jre.full.win32.x86_64_17.0.3.v20220515-1416\jre\bin\server\jvm.dll
0x00007fffb79b0000 - 0x00007fffb7a5e000 	C:\WINDOWS\System32\ADVAPI32.dll
0x00007fffb7ed0000 - 0x00007fffb7f6c000 	C:\WINDOWS\System32\sechost.dll
0x00007fffb7150000 - 0x00007fffb7275000 	C:\WINDOWS\System32\RPCRT4.dll
0x00007fffb9020000 - 0x00007fffb9028000 	C:\WINDOWS\System32\PSAPI.DLL
0x00007fffb34e0000 - 0x00007fffb34e9000 	C:\WINDOWS\SYSTEM32\WSOCK32.dll
0x00007fffb78e0000 - 0x00007fffb794b000 	C:\WINDOWS\System32\WS2_32.dll
0x00007fff971e0000 - 0x00007fff97207000 	C:\WINDOWS\SYSTEM32\WINMM.dll
0x00007fffaed50000 - 0x00007fffaed5a000 	C:\WINDOWS\SYSTEM32\VERSION.dll
0x00007fffb4690000 - 0x00007fffb46a2000 	C:\WINDOWS\SYSTEM32\kernel.appcore.dll
0x00007fffb34b0000 - 0x00007fffb34ba000 	C:\Users\Victor Sacramento\eclipse\plugins\org.eclipse.justj.openjdk.hotspot.jre.full.win32.x86_64_17.0.3.v20220515-1416\jre\bin\jimage.dll
0x00007fffa3580000 - 0x00007fffa3764000 	C:\WINDOWS\SYSTEM32\DBGHELP.DLL
0x00007fffa3ad0000 - 0x00007fffa3afc000 	C:\WINDOWS\SYSTEM32\dbgcore.DLL
0x00007fffb6bf0000 - 0x00007fffb6c72000 	C:\WINDOWS\System32\bcryptPrimitives.dll
0x00007fffb10c0000 - 0x00007fffb10e5000 	C:\Users\Victor Sacramento\eclipse\plugins\org.eclipse.justj.openjdk.hotspot.jre.full.win32.x86_64_17.0.3.v20220515-1416\jre\bin\java.dll

dbghelp: loaded successfully - version: 4.0.5 - missing functions: none
symbol engine: initialized successfully - sym options: 0x614 - pdb path: .;C:\Users\Victor Sacramento\eclipse\plugins\org.eclipse.justj.openjdk.hotspot.jre.full.win32.x86_64_17.0.3.v20220515-1416\jre\bin;C:\WINDOWS\SYSTEM32;C:\WINDOWS\WinSxS\amd64_microsoft.windows.common-controls_6595b64144ccf1df_6.0.19041.1110_none_60b5254171f9507e;C:\Users\Victor Sacramento\eclipse\plugins\org.eclipse.justj.openjdk.hotspot.jre.full.win32.x86_64_17.0.3.v20220515-1416\jre\bin\server

VM Arguments:
jvm_args: -Dfile.encoding=UTF-8 -XX:+ShowCodeDetailsInExceptionMessages 
java_command: main.FormPrincipal
java_class_path (initial): C:\Users\Victor Sacramento\Documents\Cadastro\bin
Launcher Type: SUN_STANDARD

[Global flags]
     intx CICompilerCount                          = 3                                         {product} {ergonomic}
     uint ConcGCThreads                            = 1                                         {product} {ergonomic}
     uint G1ConcRefinementThreads                  = 4                                         {product} {ergonomic}
   size_t G1HeapRegionSize                         = 1048576                                   {product} {ergonomic}
    uintx GCDrainStackTargetSize                   = 64                                        {product} {ergonomic}
   size_t InitialHeapSize                          = 134217728                                 {product} {ergonomic}
   size_t MarkStackSize                            = 4194304                                   {product} {ergonomic}
   size_t MaxHeapSize                              = 2116026368                                {product} {ergonomic}
   size_t MinHeapDeltaBytes                        = 1048576                                   {product} {ergonomic}
   size_t MinHeapSize                              = 8388608                                   {product} {ergonomic}
    uintx NonNMethodCodeHeapSize                   = 5832780                                {pd product} {ergonomic}
    uintx NonProfiledCodeHeapSize                  = 122912730                              {pd product} {ergonomic}
    uintx ProfiledCodeHeapSize                     = 122912730                              {pd product} {ergonomic}
    uintx ReservedCodeCacheSize                    = 251658240                              {pd product} {ergonomic}
     bool SegmentedCodeCache                       = true                                      {product} {ergonomic}
     bool ShowCodeDetailsInExceptionMessages       = true                                   {manageable} {command line}
   size_t SoftMaxHeapSize                          = 2116026368                             {manageable} {ergonomic}
     bool UseCompressedClassPointers               = true                           {product lp64_product} {ergonomic}
     bool UseCompressedOops                        = true                           {product lp64_product} {ergonomic}
     bool UseG1GC                                  = true                                      {product} {ergonomic}
     bool UseLargePagesIndividualAllocation        = false                                  {pd product} {ergonomic}

Logging:
Log output configuration:
 #0: stdout all=warning uptime,level,tags
 #1: stderr all=off uptime,level,tags

Environment Variables:
JAVA_HOME=C:\Program Files\Java\jdk-17.0.3.1
PATH=C:/Users/Victor Sacramento/eclipse//plugins/org.eclipse.justj.openjdk.hotspot.jre.full.win32.x86_64_17.0.3.v20220515-1416/jre/bin/server;C:/Users/Victor Sacramento/eclipse//plugins/org.eclipse.justj.openjdk.hotspot.jre.full.win32.x86_64_17.0.3.v20220515-1416/jre/bin;C:\Program Files\Common Files\Oracle\Java\javapath;C:\WINDOWS\system32;C:\WINDOWS;C:\WINDOWS\System32\Wbem;C:\WINDOWS\System32\WindowsPowerShell\v1.0\;C:\WINDOWS\System32\OpenSSH\;C:\Program Files\Git\cmd;C:\Program Files\nodejs\;C:\ProgramData\UNIVALI\Portugol Studio;C:\Program Files\Java\jdk-17.0.3.1\bin;C:\Users\Victor Sacramento\AppData\Local\Microsoft\WindowsApps;;C:\Users\Victor Sacramento\AppData\Local\Programs\Microsoft VS Code\bin;C:\Users\Victor Sacramento\AppData\Roaming\npm;C:\Users\Victor Sacramento\eclipse;
USERNAME=sacramento
OS=Windows_NT
PROCESSOR_IDENTIFIER=Intel64 Family 6 Model 78 Stepping 3, GenuineIntel



---------------  S Y S T E M  ---------------

OS:
 Windows 10 , 64 bit Build 19041 (10.0.19041.1741)
OS uptime: 1 days 23:37 hours

CPU: total 4 (initial active 4) (2 cores per cpu, 2 threads per core) family 6 model 78 stepping 3 microcode 0xcc, cx8, cmov, fxsr, ht, mmx, 3dnowpref, sse, sse2, sse3, ssse3, sse4.1, sse4.2, popcnt, lzcnt, tsc, tscinvbit, avx, avx2, aes, erms, clmul, bmi1, bmi2, adx, fma, vzeroupper, clflush, clflushopt

Memory: 4k page, system-wide physical 8066M (1843M free)
TotalPageFile size 32642M (AvailPageFile size 93M)
current process WorkingSet (physical memory assigned to process): 10M, peak: 10M
current process commit charge ("private bytes"): 51M, peak: 179M

vm_info: OpenJDK 64-Bit Server VM (17.0.3+7) for windows-amd64 JRE (17.0.3+7), built on Apr 19 2022 16:55:35 by "" with MS VC++ 16.7 (VS2019)

END.
